(vipergpt2) [piyushkh@babel-0-19 viper]$ python main_batch.py
2023-11-24 00:00:57.399845: I tensorflow/core/platform/cpu_feature_guard.cc:193] This TensorFlow binary is optimized with oneAPI Deep Neural Network Library (oneDNN) to use the following CPU instructions in performance-critical operations:  AVX2 FMA
To enable them in other operations, rebuild TensorFlow with the appropriate compiler flags.
2023-11-24 00:00:58.299783: W tensorflow/compiler/xla/stream_executor/platform/default/dso_loader.cc:64] Could not load dynamic library 'libnvinfer.so.7'; dlerror: libnvinfer.so.7: cannot open shared object file: No such file or directory; LD_LIBRARY_PATH: /usr/local/cuda-11.7/lib64
2023-11-24 00:00:58.299856: W tensorflow/compiler/xla/stream_executor/platform/default/dso_loader.cc:64] Could not load dynamic library 'libnvinfer_plugin.so.7'; dlerror: libnvinfer_plugin.so.7: cannot open shared object file: No such file or directory; LD_LIBRARY_PATH: /usr/local/cuda-11.7/lib64
2023-11-24 00:00:58.299865: W tensorflow/compiler/tf2tensorrt/utils/py_utils.cc:38] TF-TRT Warning: Cannot dlopen some TensorRT libraries. If you would like to use Nvidia GPU with TensorRT, please make sure the missing libraries mentioned above are installed properly.

===================================BUG REPORT===================================
Welcome to bitsandbytes. For bug reports, please run

python -m bitsandbytes

 and submit this information together with your error trace to: https://github.com/TimDettmers/bitsandbytes/issues
================================================================================
bin /data/tir/projects/tir6/general/piyushkh/.conda/envs/vipergpt2/lib/python3.10/site-packages/bitsandbytes/libbitsandbytes_cuda117.so
/data/tir/projects/tir6/general/piyushkh/.conda/envs/vipergpt2/lib/python3.10/site-packages/bitsandbytes/cuda_setup/main.py:145: UserWarning: /data/tir/projects/tir6/general/piyushkh/.conda/envs/vipergpt2 did not contain ['libcudart.so', 'libcudart.so.11.0', 'libcudart.so.12.0'] as expected! Searching further paths...
  warn(msg)
CUDA SETUP: CUDA runtime path found: /usr/local/cuda-11.7/lib64/libcudart.so.11.0
CUDA SETUP: Highest compute capability among GPUs detected: 8.6
CUDA SETUP: Detected CUDA version 117
CUDA SETUP: Loading binary /data/tir/projects/tir6/general/piyushkh/.conda/envs/vipergpt2/lib/python3.10/site-packages/bitsandbytes/libbitsandbytes_cuda117.so...
Loading checkpoint shards: 100%|██████████████████████████████████████████████████████████████████████████████████████████████| 2/2 [00:05<00:00,  2.84s/it]
Using cache found in /home/piyushkh/.cache/torch/hub/intel-isl_MiDaS_master
Using cache found in /home/piyushkh/.cache/torch/hub/intel-isl_MiDaS_master
VISION BACKBONE USE GRADIENT CHECKPOINTING:  False
LANGUAGE BACKBONE USE GRADIENT CHECKPOINTING:  False
EARLY FUSION ON, USING MHA-B
Inside MHA-B
MHA-B done.
EARLY FUSION ON, USING MHA-B
Inside MHA-B
MHA-B done.
EARLY FUSION ON, USING MHA-B
Inside MHA-B
MHA-B done.
EARLY FUSION ON, USING MHA-B
Inside MHA-B
MHA-B done.
EARLY FUSION ON, USING MHA-B
Inside MHA-B
MHA-B done.
EARLY FUSION ON, USING MHA-B
Inside MHA-B
MHA-B done.
EARLY FUSION ON, USING MHA-B
Inside MHA-B
MHA-B done.
EARLY FUSION ON, USING MHA-B
Inside MHA-B
MHA-B done.
  0%|                                                                                                                                 | 0/5 [00:00<?, ?it/s]Calling OpenAI API...
Response length:  5
Response from openai codex:  [ChatCompletion(id='chatcmpl-8OIbV9AEFRgqstSui3sYCjlv8DB0y', choices=[Choice(finish_reason='stop', index=0, message=ChatCompletionMessage(content='def execute_command(image):\n    image_patch = ImagePatch(image)\n    ball_patches = image_patch.find("ball")\n    ball_patch = ball_patches[0]\n    return ball_patch.llm_query("What sport can you use this for?")', role='assistant', function_call=None))], created=1700802077, model='gpt-3.5-turbo-0613', object='chat.completion', usage=CompletionUsage(completion_tokens=49, prompt_tokens=3101, total_tokens=3150)), ChatCompletion(id='chatcmpl-8OIbXbeLeDfz7WJ9B7GjxJVBQbZUP', choices=[Choice(finish_reason='stop', index=0, message=ChatCompletionMessage(content='def execute_command(image):\n    image_patch = ImagePatch(image)\n    plant_patches = image_patch.find("plant")\n    plant_patch = plant_patches[0]\n    return plant_patch.llm_query("What is the type of this plant?")', role='assistant', function_call=None))], created=1700802079, model='gpt-3.5-turbo-0613', object='chat.completion', usage=CompletionUsage(completion_tokens=49, prompt_tokens=3101, total_tokens=3150)), ChatCompletion(id='chatcmpl-8OIbYZ6bMGhDoV8KvBJcVOnwoo58b', choices=[Choice(finish_reason='stop', index=0, message=ChatCompletionMessage(content='def execute_command(image):\n    image_patch = ImagePatch(image)\n    toy_patches = image_patch.find("toy")\n    if toy_patches:\n        toy_patch = toy_patches[0]\n        return toy_patch.simple_query("What is this?")\n    else:\n        return "No toy found in the image."', role='assistant', function_call=None))], created=1700802080, model='gpt-3.5-turbo-0613', object='chat.completion', usage=CompletionUsage(completion_tokens=61, prompt_tokens=3098, total_tokens=3159)), ChatCompletion(id='chatcmpl-8OIbaHsrQLdK2QzcbVffYDmyfKGi0', choices=[Choice(finish_reason='stop', index=0, message=ChatCompletionMessage(content='def execute_command(image):\n    image_patch = ImagePatch(image)\n    animal_patches = image_patch.find("animal")\n    man_patches = image_patch.find("man")\n    game_patches = image_patch.find("game")\n    item_patches = image_patch.find("item")', role='assistant', function_call=None))], created=1700802082, model='gpt-3.5-turbo-0613', object='chat.completion', usage=CompletionUsage(completion_tokens=53, prompt_tokens=3119, total_tokens=3172)), ChatCompletion(id='chatcmpl-8OIbbiF6Hn8w0gSmFvILSpnPmRDYL', choices=[Choice(finish_reason='stop', index=0, message=ChatCompletionMessage(content='def execute_command(image):\n    image_patch = ImagePatch(image)\n    gentleman_patches = image_patch.find("gentleman")\n    gentleman_patch = gentleman_patches[0]\n    red_bag_patches = image_patch.find("red bag")\n    red_bag_patch = red_bag_patches[0]\n    distance_to_gentleman = distance(gentleman_patch, red_bag_patch)\n    if distance_to_gentleman < 0:\n        return red_bag_patch.simple_query("What is in the bag?")\n    else:\n        return gentleman_patch.llm_query("What could I be carrying in the red bag?")', role='assistant', function_call=None))], created=1700802083, model='gpt-3.5-turbo-0613', object='chat.completion', usage=CompletionUsage(completion_tokens=124, prompt_tokens=3104, total_tokens=3228))]
Calling OpenAI API...
Response length:  5
Response from openai codex:  [ChatCompletion(id='chatcmpl-8OIbezjxdbI1D66tDq69xiNRkC0xy', choices=[Choice(finish_reason='stop', index=0, message=ChatCompletionMessage(content='def execute_command(image):\n    image_patch = ImagePatch(image)\n    toilet_patches = image_patch.find("toilet")\n    if len(toilet_patches) > 0:\n        toilet_patch = toilet_patches[0]\n        return toilet_patch.llm_query("Who leaves a toilet like this?")\n    else:\n        return "No toilet found in the image."', role='assistant', function_call=None))], created=1700802086, model='gpt-3.5-turbo-0613', object='chat.completion', usage=CompletionUsage(completion_tokens=72, prompt_tokens=3100, total_tokens=3172)), ChatCompletion(id='chatcmpl-8OIbgv4robbqzHGKUvpnd32OCsCfA', choices=[Choice(finish_reason='stop', index=0, message=ChatCompletionMessage(content='def execute_command(image):\n    image_patch = ImagePatch(image)\n    kitchen_unit_patches = image_patch.find("center affixed unit")\n    kitchen_unit_patch = kitchen_unit_patches[0]\n    return kitchen_unit_patch.llm_query("What is a center affixed unit like this one in a kitchen called?")', role='assistant', function_call=None))], created=1700802088, model='gpt-3.5-turbo-0613', object='chat.completion', usage=CompletionUsage(completion_tokens=63, prompt_tokens=3109, total_tokens=3172)), ChatCompletion(id='chatcmpl-8OIbi8ZsYXdNSKx86qpNVR6iiE4cv', choices=[Choice(finish_reason='stop', index=0, message=ChatCompletionMessage(content='def execute_command(image):\n    image_patch = ImagePatch(image)\n    place_patches = image_patch.find("place")\n    place_patch = place_patches[0]\n    return place_patch.llm_query("Why might someone go to this place?")', role='assistant', function_call=None))], created=1700802090, model='gpt-3.5-turbo-0613', object='chat.completion', usage=CompletionUsage(completion_tokens=49, prompt_tokens=3101, total_tokens=3150)), ChatCompletion(id='chatcmpl-8OIlQIVmD3Te2YiKa8xAwB33tKR5M', choices=[Choice(finish_reason='stop', index=0, message=ChatCompletionMessage(content='def execute_command(image):\n    image_patch = ImagePatch(image)\n    object_patches = image_patch.find("this")\n    object_patch = object_patches[0]\n    return object_patch.llm_query("What does this grow from?")', role='assistant', function_call=None))], created=1700802692, model='gpt-3.5-turbo-0613', object='chat.completion', usage=CompletionUsage(completion_tokens=47, prompt_tokens=3099, total_tokens=3146)), ChatCompletion(id='chatcmpl-8OIlSwdAgBrOa9y3atxbAov3Y91LM', choices=[Choice(finish_reason='stop', index=0, message=ChatCompletionMessage(content='def execute_command(image):\n    image_patch = ImagePatch(image)\n    man_patches = image_patch.find("man")\n    bat_patches = image_patch.find("bat")\n    \n    if len(man_patches) == 0 or len(bat_patches) == 0:\n        return "Unable to determine what the man is doing with the bat."\n    \n    man_patch = man_patches[0]\n    bat_patch = bat_patches[0]\n    \n    if man_patch.overlaps_with(bat_patch.left, bat_patch.lower, bat_patch.right, bat_patch.upper):\n        return man_patch.llm_query("What is the man doing with the bat?")\n    else:\n        return "The man is not interacting with the bat."', role='assistant', function_call=None))], created=1700802694, model='gpt-3.5-turbo-0613', object='chat.completion', usage=CompletionUsage(completion_tokens=144, prompt_tokens=3102, total_tokens=3246))]
Calling OpenAI API...
Response length:  5
Response from openai codex:  [ChatCompletion(id='chatcmpl-8OIlVwHdJkKK7Y31wKcP61SyVlXp6', choices=[Choice(finish_reason='stop', index=0, message=ChatCompletionMessage(content='def execute_command(image):\n    image_patch = ImagePatch(image)\n    water_patches = image_patch.find("water")\n    beach_patches = image_patch.find("beach")\n    lake_patches = image_patch.find("lake")', role='assistant', function_call=None))], created=1700802697, model='gpt-3.5-turbo-0613', object='chat.completion', usage=CompletionUsage(completion_tokens=44, prompt_tokens=3104, total_tokens=3148)), ChatCompletion(id='chatcmpl-8OIlXZskLFRDjzSiDIWP8xcZbgtem', choices=[Choice(finish_reason='stop', index=0, message=ChatCompletionMessage(content='def execute_command(image):\n    image_patch = ImagePatch(image)\n    statue_patches = image_patch.find("statue")\n    statue_patch = statue_patches[0]\n    statue_name = statue_patch.simple_query("What is the name of the statue?")\n    return statue_patch.llm_query(f"Who designed {statue_name}?", long_answer=False)', role='assistant', function_call=None))], created=1700802699, model='gpt-3.5-turbo-0613', object='chat.completion', usage=CompletionUsage(completion_tokens=71, prompt_tokens=3098, total_tokens=3169)), ChatCompletion(id='chatcmpl-8OIlZShezQ8WtcJqC6tO7kqWKGArB', choices=[Choice(finish_reason='stop', index=0, message=ChatCompletionMessage(content='def execute_command(image):\n    image_patch = ImagePatch(image)\n    hot_dog_patches = image_patch.find("hot dog")\n    hot_dog_patch = hot_dog_patches[0]\n    toppings = hot_dog_patch.simple_query("What are the toppings?")\n    return toppings', role='assistant', function_call=None))], created=1700802701, model='gpt-3.5-turbo-0613', object='chat.completion', usage=CompletionUsage(completion_tokens=57, prompt_tokens=3107, total_tokens=3164)), ChatCompletion(id='chatcmpl-8OIlaCnYkDenIPPMJHiGz0dtv19Hr', choices=[Choice(finish_reason='stop', index=0, message=ChatCompletionMessage(content='def execute_command(image):\n    image_patch = ImagePatch(image)\n    desk_patches = image_patch.find("desk")\n    desk_patch = desk_patches[0]\n    return desk_patch.llm_query("What is this desk used for?")', role='assistant', function_call=None))], created=1700802702, model='gpt-3.5-turbo-0613', object='chat.completion', usage=CompletionUsage(completion_tokens=48, prompt_tokens=3100, total_tokens=3148)), ChatCompletion(id='chatcmpl-8OIlc6riiM75i9KcgsmmXiNvj2zcm', choices=[Choice(finish_reason='stop', index=0, message=ChatCompletionMessage(content='def execute_command(image):\n    image_patch = ImagePatch(image)\n    bike_patches = image_patch.find("bike")\n    ground_patches = image_patch.find("ground")\n    for bike_patch in bike_patches:\n        for ground_patch in ground_patches:\n            if bike_patch.overlaps_with(ground_patch.left, ground_patch.lower, ground_patch.right, ground_patch.upper):\n                return bike_patch.simple_query("What is this bike?")\n    return "No bike on the ground."', role='assistant', function_call=None))], created=1700802704, model='gpt-3.5-turbo-0613', object='chat.completion', usage=CompletionUsage(completion_tokens=94, prompt_tokens=3102, total_tokens=3196))]
Calling OpenAI API...
Response length:  5
Response from openai codex:  [ChatCompletion(id='chatcmpl-8OIle5EDcbIFHCKCbiaJj9ibOzdxw', choices=[Choice(finish_reason='stop', index=0, message=ChatCompletionMessage(content='def execute_command(image):\n    image_patch = ImagePatch(image)\n    plane_patches = image_patch.find("plane")\n    plane_patch = plane_patches[0]\n    return plane_patch.simple_query("What type of plane is this?")', role='assistant', function_call=None))], created=1700802706, model='gpt-3.5-turbo-0613', object='chat.completion', usage=CompletionUsage(completion_tokens=47, prompt_tokens=3100, total_tokens=3147)), ChatCompletion(id='chatcmpl-8OIlgqHvNz73fyt2r18E82nYVK60M', choices=[Choice(finish_reason='stop', index=0, message=ChatCompletionMessage(content='def execute_command(image):\n    image_patch = ImagePatch(image)\n    room_patches = image_patch.find("room")\n    if len(room_patches) == 0:\n        return "No room found in the image."\n    \n    room_patch = room_patches[0]\n    colors = ["blue", "pink"]\n    color = room_patch.best_text_match(colors)\n    \n    if color == "blue":\n        return "This is a room for a boy."\n    elif color == "pink":\n        return "This is a room for a girl."\n    else:\n        return "Unable to determine the gender of the room."', role='assistant', function_call=None))], created=1700802708, model='gpt-3.5-turbo-0613', object='chat.completion', usage=CompletionUsage(completion_tokens=124, prompt_tokens=3103, total_tokens=3227)), ChatCompletion(id='chatcmpl-8OIljRMHB396qkztQw49t0KH0xYEE', choices=[Choice(finish_reason='stop', index=0, message=ChatCompletionMessage(content='def execute_command(image):\n    image_patch = ImagePatch(image)\n    desert_patches = image_patch.find("desert")\n    desert_patch = desert_patches[0]\n    return desert_patch.llm_query("In what year was this desert first introduced?", long_answer=False)', role='assistant', function_call=None))], created=1700802711, model='gpt-3.5-turbo-0613', object='chat.completion', usage=CompletionUsage(completion_tokens=54, prompt_tokens=3102, total_tokens=3156)), ChatCompletion(id='chatcmpl-8OIlkcGifHXyYz9dAL2p1n69vLFsx', choices=[Choice(finish_reason='stop', index=0, message=ChatCompletionMessage(content='def execute_command(image):\n    image_patch = ImagePatch(image)\n    trick_name = image_patch.simple_query("What is this surf trick called?")\n    return trick_name', role='assistant', function_call=None))], created=1700802712, model='gpt-3.5-turbo-0613', object='chat.completion', usage=CompletionUsage(completion_tokens=33, prompt_tokens=3100, total_tokens=3133)), ChatCompletion(id='chatcmpl-8OIll7f4b6Vi5DWLgy09ml1JvFwSg', choices=[Choice(finish_reason='stop', index=0, message=ChatCompletionMessage(content='def execute_command(image):\n    image_patch = ImagePatch(image)\n    return image_patch.llm_query("What do they call running around the bases on a single hit?")', role='assistant', function_call=None))], created=1700802713, model='gpt-3.5-turbo-0613', object='chat.completion', usage=CompletionUsage(completion_tokens=35, prompt_tokens=3106, total_tokens=3141))]
Calling OpenAI API...
Response length:  20
Response from openai codex:  [ChatCompletion(id='chatcmpl-8OIlmbrXA9Gr6HtWE29pRE5Vnv8gg', choices=[Choice(finish_reason='stop', index=0, message=ChatCompletionMessage(content='def execute_command(image):\n    image_patch = ImagePatch(image)\n    ball_patches = image_patch.find("ball")\n    ball_patch = ball_patches[0]\n    return ball_patch.llm_query("What sport can you use this for?")', role='assistant', function_call=None))], created=1700802714, model='gpt-3.5-turbo-0613', object='chat.completion', usage=CompletionUsage(completion_tokens=49, prompt_tokens=3101, total_tokens=3150)), ChatCompletion(id='chatcmpl-8OIln3o8ugUh2NBEltMm7EhenmUuG', choices=[Choice(finish_reason='stop', index=0, message=ChatCompletionMessage(content='def execute_command(image):\n    image_patch = ImagePatch(image)\n    plant_patches = image_patch.find("plant")\n    plant_patch = plant_patches[0]\n    return plant_patch.llm_query("What is the type of this plant?")', role='assistant', function_call=None))], created=1700802715, model='gpt-3.5-turbo-0613', object='chat.completion', usage=CompletionUsage(completion_tokens=49, prompt_tokens=3101, total_tokens=3150)), ChatCompletion(id='chatcmpl-8OIlpkQpmEpiVP0HEQiGfKBtBsKY0', choices=[Choice(finish_reason='stop', index=0, message=ChatCompletionMessage(content='def execute_command(image):\n    image_patch = ImagePatch(image)\n    toy_patches = image_patch.find("toy")\n    if toy_patches:\n        toy_patch = toy_patches[0]\n        return toy_patch.simple_query("What is this?")\n    else:\n        return "No toy found in the image."', role='assistant', function_call=None))], created=1700802717, model='gpt-3.5-turbo-0613', object='chat.completion', usage=CompletionUsage(completion_tokens=61, prompt_tokens=3098, total_tokens=3159)), ChatCompletion(id='chatcmpl-8OIlrk6D0aT83GU25ZwcRJFov8yPG', choices=[Choice(finish_reason='stop', index=0, message=ChatCompletionMessage(content='def execute_command(image):\n    image_patch = ImagePatch(image)\n    animal_patches = image_patch.find("animal")\n    man_patches = image_patch.find("man")\n    game_patches = image_patch.find("game")\n    item_patches = image_patch.find("item")', role='assistant', function_call=None))], created=1700802719, model='gpt-3.5-turbo-0613', object='chat.completion', usage=CompletionUsage(completion_tokens=53, prompt_tokens=3119, total_tokens=3172)), ChatCompletion(id='chatcmpl-8OIlscnNy3DgQaJ9fe0RxOxNVC2le', choices=[Choice(finish_reason='stop', index=0, message=ChatCompletionMessage(content='def execute_command(image):\n    image_patch = ImagePatch(image)\n    gentleman_patches = image_patch.find("gentleman")\n    gentleman_patch = gentleman_patches[0]\n    red_bag_patches = image_patch.find("red bag")\n    red_bag_patch = red_bag_patches[0]\n    distance_to_gentleman = distance(gentleman_patch, red_bag_patch)\n    if distance_to_gentleman < 0:\n        return red_bag_patch.simple_query("What is in the bag?")\n    else:\n        return gentleman_patch.llm_query("What could I be carrying in the red bag?")', role='assistant', function_call=None))], created=1700802720, model='gpt-3.5-turbo-0613', object='chat.completion', usage=CompletionUsage(completion_tokens=124, prompt_tokens=3104, total_tokens=3228)), ChatCompletion(id='chatcmpl-8OIlvyLtwuJxuB9nUA22B2u0Znhio', choices=[Choice(finish_reason='stop', index=0, message=ChatCompletionMessage(content='def execute_command(image):\n    image_patch = ImagePatch(image)\n    toilet_patches = image_patch.find("toilet")\n    if len(toilet_patches) > 0:\n        toilet_patch = toilet_patches[0]\n        return toilet_patch.llm_query("Who leaves a toilet like this?")\n    else:\n        return "No toilet found in the image."', role='assistant', function_call=None))], created=1700802723, model='gpt-3.5-turbo-0613', object='chat.completion', usage=CompletionUsage(completion_tokens=72, prompt_tokens=3100, total_tokens=3172)), ChatCompletion(id='chatcmpl-8OIlx72crBraPh55kCvSCtt4Ual4F', choices=[Choice(finish_reason='stop', index=0, message=ChatCompletionMessage(content='def execute_command(image):\n    image_patch = ImagePatch(image)\n    kitchen_unit_patches = image_patch.find("center affixed unit")\n    kitchen_unit_patch = kitchen_unit_patches[0]\n    return kitchen_unit_patch.llm_query("What is a center affixed unit like this one in a kitchen called?")', role='assistant', function_call=None))], created=1700802725, model='gpt-3.5-turbo-0613', object='chat.completion', usage=CompletionUsage(completion_tokens=63, prompt_tokens=3109, total_tokens=3172)), ChatCompletion(id='chatcmpl-8OIlzglF4acj7QFCVhA5mzQfqI8IE', choices=[Choice(finish_reason='stop', index=0, message=ChatCompletionMessage(content='def execute_command(image):\n    image_patch = ImagePatch(image)\n    place_patches = image_patch.find("place")\n    place_patch = place_patches[0]\n    return place_patch.llm_query("Why might someone go to this place?")', role='assistant', function_call=None))], created=1700802727, model='gpt-3.5-turbo-0613', object='chat.completion', usage=CompletionUsage(completion_tokens=49, prompt_tokens=3101, total_tokens=3150)), ChatCompletion(id='chatcmpl-8OIm1rMCTVNGruycULquGWIOLMFhE', choices=[Choice(finish_reason='stop', index=0, message=ChatCompletionMessage(content='def execute_command(image):\n    image_patch = ImagePatch(image)\n    object_patches = image_patch.find("this")\n    object_patch = object_patches[0]\n    return object_patch.llm_query("What does this grow from?")', role='assistant', function_call=None))], created=1700802729, model='gpt-3.5-turbo-0613', object='chat.completion', usage=CompletionUsage(completion_tokens=47, prompt_tokens=3099, total_tokens=3146)), ChatCompletion(id='chatcmpl-8OIm3B9dH5bpZggLDHmmhi1wGEaic', choices=[Choice(finish_reason='stop', index=0, message=ChatCompletionMessage(content='def execute_command(image):\n    image_patch = ImagePatch(image)\n    man_patches = image_patch.find("man")\n    bat_patches = image_patch.find("bat")\n    \n    if len(man_patches) == 0 or len(bat_patches) == 0:\n        return "Unable to determine what the man is doing with the bat."\n    \n    man_patch = man_patches[0]\n    bat_patch = bat_patches[0]\n    \n    if man_patch.overlaps_with(bat_patch.left, bat_patch.lower, bat_patch.right, bat_patch.upper):\n        return man_patch.llm_query("What is the man doing with the bat?")\n    else:\n        return "The man is not interacting with the bat."', role='assistant', function_call=None))], created=1700802731, model='gpt-3.5-turbo-0613', object='chat.completion', usage=CompletionUsage(completion_tokens=144, prompt_tokens=3102, total_tokens=3246)), ChatCompletion(id='chatcmpl-8OIm658fdqXgS7G6qoUxX65WB2NFj', choices=[Choice(finish_reason='stop', index=0, message=ChatCompletionMessage(content='def execute_command(image):\n    image_patch = ImagePatch(image)\n    water_patches = image_patch.find("water")\n    beach_patches = image_patch.find("beach")\n    lake_patches = image_patch.find("lake")', role='assistant', function_call=None))], created=1700802734, model='gpt-3.5-turbo-0613', object='chat.completion', usage=CompletionUsage(completion_tokens=44, prompt_tokens=3104, total_tokens=3148)), ChatCompletion(id='chatcmpl-8OIm7QInAVs9jF3fh3AjPPf9RUkuD', choices=[Choice(finish_reason='stop', index=0, message=ChatCompletionMessage(content='def execute_command(image):\n    image_patch = ImagePatch(image)\n    statue_patches = image_patch.find("statue")\n    statue_patch = statue_patches[0]\n    statue_name = statue_patch.simple_query("What is the name of the statue?")\n    return statue_patch.llm_query(f"Who designed {statue_name}?")', role='assistant', function_call=None))], created=1700802735, model='gpt-3.5-turbo-0613', object='chat.completion', usage=CompletionUsage(completion_tokens=67, prompt_tokens=3098, total_tokens=3165)), ChatCompletion(id='chatcmpl-8OIm9b7fVuorlPXxdJugQiVoXVc0B', choices=[Choice(finish_reason='stop', index=0, message=ChatCompletionMessage(content='def execute_command(image):\n    image_patch = ImagePatch(image)\n    hot_dog_patches = image_patch.find("hot dog")\n    hot_dog_patch = hot_dog_patches[0]\n    toppings = hot_dog_patch.simple_query("What are the toppings?")\n    return toppings', role='assistant', function_call=None))], created=1700802737, model='gpt-3.5-turbo-0613', object='chat.completion', usage=CompletionUsage(completion_tokens=57, prompt_tokens=3107, total_tokens=3164)), ChatCompletion(id='chatcmpl-8OImBgTqezjdGoLLPT9W7dwoQKwQj', choices=[Choice(finish_reason='stop', index=0, message=ChatCompletionMessage(content='def execute_command(image):\n    image_patch = ImagePatch(image)\n    desk_patches = image_patch.find("desk")\n    desk_patch = desk_patches[0]\n    return desk_patch.llm_query("What is this desk used for?")', role='assistant', function_call=None))], created=1700802739, model='gpt-3.5-turbo-0613', object='chat.completion', usage=CompletionUsage(completion_tokens=48, prompt_tokens=3100, total_tokens=3148)), ChatCompletion(id='chatcmpl-8OImCNYLq3kfYlQwabtzs8pY8J4qF', choices=[Choice(finish_reason='stop', index=0, message=ChatCompletionMessage(content='def execute_command(image):\n    image_patch = ImagePatch(image)\n    bike_patches = image_patch.find("bike")\n    ground_patches = image_patch.find("ground")\n    for bike_patch in bike_patches:\n        for ground_patch in ground_patches:\n            if bike_patch.overlaps_with(ground_patch.left, ground_patch.lower, ground_patch.right, ground_patch.upper):\n
   return bike_patch.simple_query("What is this bike?")\n    return "Unknown"', role='assistant', function_call=None))], created=1700802740, model='gpt-3.5-turbo-0613', object='chat.completion', usage=CompletionUsage(completion_tokens=90, prompt_tokens=3102, total_tokens=3192)), ChatCompletion(id='chatcmpl-8OImEhX1f0a3Wfr8sEXJreRMWShq4', choices=[Choice(finish_reason='stop', index=0, message=ChatCompletionMessage(content='def execute_command(image):\n    image_patch = ImagePatch(image)\n    plane_patches = image_patch.find("plane")\n    plane_patch = plane_patches[0]\n    return plane_patch.simple_query("What type of plane is this?")', role='assistant', function_call=None))], created=1700802742, model='gpt-3.5-turbo-0613', object='chat.completion', usage=CompletionUsage(completion_tokens=47, prompt_tokens=3100, total_tokens=3147)), ChatCompletion(id='chatcmpl-8OImGdxLhhxV8z4dXyIL0VN9ETKtf', choices=[Choice(finish_reason='stop', index=0, message=ChatCompletionMessage(content='def execute_command(image):\n    image_patch = ImagePatch(image)\n    room_patches = image_patch.find("room")\n    if len(room_patches) == 0:\n        return "No room found in the image."\n    \n    room_patch = room_patches[0]\n    colors = ["blue", "pink"]\n    color = room_patch.best_text_match(colors)\n    \n    if color == "blue":\n        return "This is a room for a boy."\n    elif color == "pink":\n        return "This is a room for a girl."\n    else:\n        return "Unable to determine the gender of the room."', role='assistant', function_call=None))], created=1700802744, model='gpt-3.5-turbo-0613', object='chat.completion', usage=CompletionUsage(completion_tokens=124, prompt_tokens=3103, total_tokens=3227)), ChatCompletion(id='chatcmpl-8OImJWtcLFehIKOz0TxGdMuLOK5xX', choices=[Choice(finish_reason='stop', index=0, message=ChatCompletionMessage(content='def execute_command(image):\n    image_patch = ImagePatch(image)\n    desert_patches = image_patch.find("desert")\n    desert_patch = desert_patches[0]\n    return desert_patch.llm_query("In what year was this desert first introduced?")', role='assistant', function_call=None))], created=1700802747, model='gpt-3.5-turbo-0613', object='chat.completion', usage=CompletionUsage(completion_tokens=51, prompt_tokens=3102, total_tokens=3153)), ChatCompletion(id='chatcmpl-8OImKhogwSeENcLqScRJvFFIwK6pO', choices=[Choice(finish_reason='stop', index=0, message=ChatCompletionMessage(content='def execute_command(image):\n    image_patch = ImagePatch(image)\n    trick_name = image_patch.simple_query("What is this surf trick called?")\n    return trick_name', role='assistant', function_call=None))], created=1700802748, model='gpt-3.5-turbo-0613', object='chat.completion', usage=CompletionUsage(completion_tokens=33, prompt_tokens=3100, total_tokens=3133)), ChatCompletion(id='chatcmpl-8OImLuLLH13xAhaptuguglq7B6D27', choices=[Choice(finish_reason='stop', index=0, message=ChatCompletionMessage(content='def execute_command(image):\n    image_patch = ImagePatch(image)\n    return image_patch.llm_query("What do they call running around the bases on a single hit?")', role='assistant', function_call=None))], created=1700802749, model='gpt-3.5-turbo-0613', object='chat.completion', usage=CompletionUsage(completion_tokens=35, prompt_tokens=3106, total_tokens=3141))]
Executing code...
Traceback (most recent call last):
  File "/data/tir/projects/tir6/general/piyushkh/viper/main_batch.py", line 76, in run_program
    result = globals()[f'execute_command_{sample_id}'](
  File "Codex", line 5, in execute_command_2971475
    from functools import partial
IndexError: list index out of range
Sample 2971475 failed with error: list index out of range. Next you will see an "expected an indented block" error.
Sample 2971475 failed at compilation time with error: expected an indented block after function definition on line 1 (Codex, line 2)
Traceback (most recent call last):
  File "/data/tir/projects/tir6/general/piyushkh/viper/main_batch.py", line 76, in run_program
    result = globals()[f'execute_command_{sample_id}'](
  File "Codex", line 5, in execute_command_2971475
    from functools import partial
IndexError: list index out of range

During handling of the above exception, another exception occurred:

Traceback (most recent call last):
  File "/data/tir/projects/tir6/general/piyushkh/viper/main_batch.py", line 76, in run_program
    result = globals()[f'execute_command_{sample_id}'](
  File "Codex", line 4, in execute_command_2971475
    import pathlib
AttributeError: 'ImagePatch' object has no attribute 'query_image'
Error in gpt3_general model: 'OpenAI' object has no attribute 'Completion'
Error in gpt3_general model: 'OpenAI' object has no attribute 'Completion'
Error in gpt3_general model: 'OpenAI' object has no attribute 'Completion'
Traceback (most recent call last):
  File "/data/tir/projects/tir6/general/piyushkh/viper/main_batch.py", line 76, in run_program
    result = globals()[f'execute_command_{sample_id}'](
  File "Codex", line 5, in execute_command_3045575
    from functools import partial
IndexError: list index out of range
Sample 3045575 failed with error: list index out of range. Next you will see an "expected an indented block" error.
Sample 3045575 failed at compilation time with error: expected an indented block after function definition on line 1 (Codex, line 2)
Traceback (most recent call last):
  File "/data/tir/projects/tir6/general/piyushkh/viper/main_batch.py", line 76, in run_program
    result = globals()[f'execute_command_{sample_id}'](
  File "Codex", line 5, in execute_command_3045575
    from functools import partial
IndexError: list index out of range

During handling of the above exception, another exception occurred:

Traceback (most recent call last):
  File "/data/tir/projects/tir6/general/piyushkh/viper/main_batch.py", line 76, in run_program
    result = globals()[f'execute_command_{sample_id}'](
  File "Codex", line 4, in execute_command_3045575
    import pathlib
AttributeError: 'ImagePatch' object has no attribute 'query_image'
Traceback (most recent call last):
  File "/data/tir/projects/tir6/general/piyushkh/viper/main_batch.py", line 76, in run_program
    result = globals()[f'execute_command_{sample_id}'](
  File "Codex", line 5, in execute_command_2183655
    from functools import partial
IndexError: list index out of range
Sample 2183655 failed with error: list index out of range. Next you will see an "expected an indented block" error.
Sample 2183655 failed at compilation time with error: expected an indented block after function definition on line 1 (Codex, line 2)
Traceback (most recent call last):
  File "/data/tir/projects/tir6/general/piyushkh/viper/main_batch.py", line 76, in run_program
    result = globals()[f'execute_command_{sample_id}'](
  File "Codex", line 5, in execute_command_2183655
    from functools import partial
IndexError: list index out of range

During handling of the above exception, another exception occurred:

Traceback (most recent call last):
  File "/data/tir/projects/tir6/general/piyushkh/viper/main_batch.py", line 76, in run_program
    result = globals()[f'execute_command_{sample_id}'](
  File "Codex", line 4, in execute_command_2183655
    import pathlib
AttributeError: 'ImagePatch' object has no attribute 'query_image'
Error in gpt3_general model: 'OpenAI' object has no attribute 'Completion'
Error in gpt3_general model: 'OpenAI' object has no attribute 'Completion'
Error in gpt3_general model: 'OpenAI' object has no attribute 'Completion'
Error in gpt3_general model: 'OpenAI' object has no attribute 'Completion'
Accuracy at Batch 0/5: 0.0
all_results [None, None, 'backpack', None, 'food', None, None, None, None, 'Unable to determine what the man is doing with the bat.', None, None, 'onions', None, 'bicycle', 'jet', 'This is a room for a girl.', None, 'flipping', None]
Breaking out....
  0%|                                                                                                                                 | 0/5 [11:31<?, ?it/s]
Final accuracy: 0.0
Saving results to results_11.csv
(vipergpt2) [piyushkh@babel-0-19 viper]$